e:\c#\socket\socket\debug\socket.obj
e:\c#\socket\socket\debug\vc100.pdb
e:\c#\socket\debug\socket.ilk
e:\c#\socket\debug\socket.exe
e:\c#\socket\socket\debug\socket.exe.intermediate.manifest
e:\c#\socket\debug\socket.pdb
c:\users\administrator\desktop\论文\socket\socket\debug\vc120.pdb
c:\users\administrator\desktop\论文\socket\socket\debug\vc120.idb
c:\users\administrator\desktop\论文\socket\socket\debug\socket.obj
c:\users\administrator\desktop\论文\socket\socket\debug\cl.command.1.tlog
c:\users\administrator\desktop\论文\socket\socket\debug\cl.read.1.tlog
c:\users\administrator\desktop\论文\socket\socket\debug\cl.write.1.tlog
c:\users\administrator\desktop\论文\socket\socket\debug\link.command.1.tlog
c:\users\administrator\desktop\论文\socket\socket\debug\link.read.1.tlog
c:\users\administrator\desktop\论文\socket\socket\debug\link.write.1.tlog
c:\users\administrator\desktop\论文\socket\socket\debug\mt.command.1.tlog
c:\users\administrator\desktop\论文\socket\socket\debug\mt.read.1.tlog
c:\users\administrator\desktop\论文\socket\socket\debug\mt.write.1.tlog
c:\users\administrator\desktop\论文\socket\socket\debug\socket.exe.intermediate.manifest
c:\users\administrator\desktop\论文\socket\socket\debug\vc100.idb
c:\users\administrator\desktop\论文\socket\socket\debug\vc100.pdb
c:\users\administrator\desktop\论文\socket\debug\socket.pdb
c:\users\administrator\desktop\论文\socket\socket\debug\socket.tlog\cl.command.1.tlog
c:\users\administrator\desktop\论文\socket\socket\debug\socket.tlog\cl.read.1.tlog
c:\users\administrator\desktop\论文\socket\socket\debug\socket.tlog\cl.write.1.tlog
c:\users\administrator\desktop\论文\socket\socket\debug\socket.tlog\link-cvtres.read.1.tlog
c:\users\administrator\desktop\论文\socket\socket\debug\socket.tlog\link-cvtres.write.1.tlog
c:\users\administrator\desktop\论文\socket\socket\debug\socket.tlog\link-rc.read.1.tlog
c:\users\administrator\desktop\论文\socket\socket\debug\socket.tlog\link-rc.write.1.tlog
c:\users\administrator\desktop\论文\socket\socket\debug\socket.tlog\link.command.1.tlog
c:\users\administrator\desktop\论文\socket\socket\debug\socket.tlog\link.read.1.tlog
c:\users\administrator\desktop\论文\socket\socket\debug\socket.tlog\link.write.1.tlog
