e:\c#\socket\client\debug\client.obj
e:\c#\socket\client\debug\vc100.pdb
e:\c#\socket\debug\client.ilk
e:\c#\socket\debug\client.exe
e:\c#\socket\client\debug\client.exe.intermediate.manifest
e:\c#\socket\debug\client.pdb
c:\users\administrator\desktop\论文\socket\client\debug\vc120.pdb
c:\users\administrator\desktop\论文\socket\client\debug\vc120.idb
c:\users\administrator\desktop\论文\socket\client\debug\client.obj
c:\users\administrator\desktop\论文\socket\client\debug\cl.command.1.tlog
c:\users\administrator\desktop\论文\socket\client\debug\cl.read.1.tlog
c:\users\administrator\desktop\论文\socket\client\debug\cl.write.1.tlog
c:\users\administrator\desktop\论文\socket\client\debug\link.command.1.tlog
c:\users\administrator\desktop\论文\socket\client\debug\link.read.1.tlog
c:\users\administrator\desktop\论文\socket\client\debug\link.write.1.tlog
c:\users\administrator\desktop\论文\socket\client\debug\mt.command.1.tlog
c:\users\administrator\desktop\论文\socket\client\debug\mt.read.1.tlog
c:\users\administrator\desktop\论文\socket\client\debug\mt.write.1.tlog
c:\users\administrator\desktop\论文\socket\client\debug\client.exe.intermediate.manifest
c:\users\administrator\desktop\论文\socket\client\debug\vc100.idb
c:\users\administrator\desktop\论文\socket\client\debug\vc100.pdb
c:\users\administrator\desktop\论文\socket\debug\client.pdb
c:\users\administrator\desktop\论文\socket\client\debug\client.tlog\cl.command.1.tlog
c:\users\administrator\desktop\论文\socket\client\debug\client.tlog\cl.read.1.tlog
c:\users\administrator\desktop\论文\socket\client\debug\client.tlog\cl.write.1.tlog
c:\users\administrator\desktop\论文\socket\client\debug\client.tlog\link-cvtres.read.1.tlog
c:\users\administrator\desktop\论文\socket\client\debug\client.tlog\link-cvtres.write.1.tlog
c:\users\administrator\desktop\论文\socket\client\debug\client.tlog\link-rc.read.1.tlog
c:\users\administrator\desktop\论文\socket\client\debug\client.tlog\link-rc.write.1.tlog
c:\users\administrator\desktop\论文\socket\client\debug\client.tlog\link.command.1.tlog
c:\users\administrator\desktop\论文\socket\client\debug\client.tlog\link.read.1.tlog
c:\users\administrator\desktop\论文\socket\client\debug\client.tlog\link.write.1.tlog
